<?xml version="1.0" encoding="UTF-8"?>
<!-- Generated by org.testng.reporters.JUnitReportReporter -->
<testsuite hostname="DESKTOP-31TC28M" failures="0" tests="16" name="Selenium1.Seleniumfirst1.gubportal" time="86.643" errors="0" timestamp="2022-08-23T21:22:10 BDT" skipped="0">
  <testcase classname="Selenium1.Seleniumfirst1.gubportal" name="openUrl" time="3.140"/>
  <system-out/>
  <testcase classname="Selenium1.Seleniumfirst1.gubportal" name="Test1" time="4.494"/>
  <system-out/>
  <testcase classname="Selenium1.Seleniumfirst1.gubportal" name="Test2" time="12.276"/>
  <system-out/>
  <testcase classname="Selenium1.Seleniumfirst1.gubportal" name="Test3" time="6.965"/>
  <system-out/>
  <testcase classname="Selenium1.Seleniumfirst1.gubportal" name="Test4" time="6.159"/>
  <system-out/>
  <testcase classname="Selenium1.Seleniumfirst1.gubportal" name="Test5" time="6.746"/>
  <system-out/>
  <testcase classname="Selenium1.Seleniumfirst1.gubportal" name="Test6" time="2.466"/>
  <system-out/>
  <testcase classname="Selenium1.Seleniumfirst1.gubportal" name="Test7" time="2.293"/>
  <system-out/>
  <testcase classname="Selenium1.Seleniumfirst1.gubportal" name="Test8" time="2.319"/>
  <system-out/>
  <testcase classname="Selenium1.Seleniumfirst1.gubportal" name="Test9" time="2.285"/>
  <system-out/>
  <testcase classname="Selenium1.Seleniumfirst1.gubportal" name="Test10" time="2.273"/>
  <system-out/>
  <testcase classname="Selenium1.Seleniumfirst1.gubportal" name="Test11" time="6.705"/>
  <system-out/>
  <testcase classname="Selenium1.Seleniumfirst1.gubportal" name="Test12" time="8.721"/>
  <system-out/>
  <testcase classname="Selenium1.Seleniumfirst1.gubportal" name="Test13" time="8.613"/>
  <system-out/>
  <testcase classname="Selenium1.Seleniumfirst1.gubportal" name="Test14" time="8.833"/>
  <system-out/>
  <testcase classname="Selenium1.Seleniumfirst1.gubportal" name="Test15" time="2.355"/>
  <system-out/>
</testsuite> <!-- Selenium1.Seleniumfirst1.gubportal -->
