<?xml version="1.0" encoding="UTF-8"?>
<!-- Generated by org.testng.reporters.JUnitReportReporter -->
<testsuite hostname="DESKTOP-31TC28M" failures="0" tests="2" name="Selenium1.Seleniumfirst1.daraz" time="19.232" errors="0" timestamp="2022-08-23T11:27:05 BDT" skipped="0">
  <testcase classname="Selenium1.Seleniumfirst1.daraz" name="openUrl" time="9.364"/>
  <system-out/>
  <testcase classname="Selenium1.Seleniumfirst1.daraz" name="Test" time="9.868"/>
  <system-out/>
</testsuite> <!-- Selenium1.Seleniumfirst1.daraz -->
